python: can't open file '/mnt/d/Projects/AutoRE/autoRE/train_script/src/train_bash.py': [Errno 2] No such file or directory
No CUDA runtime is found, using CUDA_HOME='/usr'
[2024-07-27 14:19:30,453] [WARNING] [real_accelerator.py:162:get_accelerator] Setting accelerator to CPU. If you have GPU or other accelerator, we were unable to detect it.
[2024-07-27 14:19:30,792] [INFO] [real_accelerator.py:203:get_accelerator] Setting ds_accelerator to cpu (auto detect)
/mnt/d/Projects/AutoRE/autore_venv/lib/python3.10/site-packages/gradio_client/documentation.py:105: UserWarning: Could not get documentation group for <class 'gradio.mix.Parallel'>: No known documentation group for module 'gradio.mix'
  warnings.warn(f"Could not get documentation group for {cls}: {exc}")
/mnt/d/Projects/AutoRE/autore_venv/lib/python3.10/site-packages/gradio_client/documentation.py:105: UserWarning: Could not get documentation group for <class 'gradio.mix.Series'>: No known documentation group for module 'gradio.mix'
  warnings.warn(f"Could not get documentation group for {cls}: {exc}")
Traceback (most recent call last):
  File "/mnt/d/Projects/AutoRE/autoRE/train_script/../src/train_bash.py", line 3, in <module>
    import wandb
ModuleNotFoundError: No module named 'wandb'
No CUDA runtime is found, using CUDA_HOME='/usr'
[2024-07-27 17:16:39,907] [WARNING] [real_accelerator.py:162:get_accelerator] Setting accelerator to CPU. If you have GPU or other accelerator, we were unable to detect it.
[2024-07-27 17:16:39,975] [INFO] [real_accelerator.py:203:get_accelerator] Setting ds_accelerator to cpu (auto detect)
/mnt/d/Projects/AutoRE/autore_venv/lib/python3.10/site-packages/gradio_client/documentation.py:105: UserWarning: Could not get documentation group for <class 'gradio.mix.Parallel'>: No known documentation group for module 'gradio.mix'
  warnings.warn(f"Could not get documentation group for {cls}: {exc}")
/mnt/d/Projects/AutoRE/autore_venv/lib/python3.10/site-packages/gradio_client/documentation.py:105: UserWarning: Could not get documentation group for <class 'gradio.mix.Series'>: No known documentation group for module 'gradio.mix'
  warnings.warn(f"Could not get documentation group for {cls}: {exc}")
wandb: Currently logged in as: indra927 (indra927-leuphana). Use `wandb login --relogin` to force relogin
wandb: Appending key for api.wandb.ai to your netrc file: /root/.netrc
wandb: Tracking run with wandb version 0.17.5
wandb: Run data is saved locally in /mnt/d/Projects/AutoRE/autore/train_script/wandb/run-20240727_171721-hq8hd89s
wandb: Run `wandb offline` to turn off syncing.
wandb: Syncing run crisp-moon-1
wandb: ⭐️ View project at https://wandb.ai/indra927-leuphana/vicuna_fact_5e-5
wandb: 🚀 View run at https://wandb.ai/indra927-leuphana/vicuna_fact_5e-5/runs/hq8hd89s
Traceback (most recent call last):
  File "/mnt/d/Projects/AutoRE/autore/train_script/../src/train_bash.py", line 25, in <module>
    main()
  File "/mnt/d/Projects/AutoRE/autore/train_script/../src/train_bash.py", line 15, in main
    run_exp()
  File "/mnt/d/Projects/AutoRE/autore/src/llmtuner/train/tuner.py", line 23, in run_exp
    model_args, data_args, training_args, finetuning_args, generating_args = get_train_args(args)
  File "/mnt/d/Projects/AutoRE/autore/src/llmtuner/hparams/parser.py", line 89, in get_train_args
    model_args, data_args, training_args, finetuning_args, generating_args = _parse_train_args(args)
  File "/mnt/d/Projects/AutoRE/autore/src/llmtuner/hparams/parser.py", line 75, in _parse_train_args
    return _parse_args(parser, args)
  File "/mnt/d/Projects/AutoRE/autore/src/llmtuner/hparams/parser.py", line 40, in _parse_args
    (*parsed_args, unknown_args) = parser.parse_args_into_dataclasses(return_remaining_strings=True)
  File "/mnt/d/Projects/AutoRE/autore_venv/lib/python3.10/site-packages/transformers/hf_argparser.py", line 338, in parse_args_into_dataclasses
    obj = dtype(**inputs)
  File "<string>", line 128, in __init__
  File "/mnt/d/Projects/AutoRE/autore_venv/lib/python3.10/site-packages/transformers/training_args.py", line 1534, in __post_init__
    raise ValueError(
ValueError: FP16 Mixed precision training with AMP or APEX (`--fp16`) and FP16 half precision evaluation (`--fp16_full_eval`) can only be used on CUDA or NPU devices or certain XPU devices (with IPEX).
Traceback (most recent call last):
  File "/mnt/d/Projects/AutoRE/autore/train_script/../src/train_bash.py", line 25, in <module>
    main()
  File "/mnt/d/Projects/AutoRE/autore/train_script/../src/train_bash.py", line 15, in main
    run_exp()
  File "/mnt/d/Projects/AutoRE/autore/src/llmtuner/train/tuner.py", line 23, in run_exp
    model_args, data_args, training_args, finetuning_args, generating_args = get_train_args(args)
  File "/mnt/d/Projects/AutoRE/autore/src/llmtuner/hparams/parser.py", line 89, in get_train_args
    model_args, data_args, training_args, finetuning_args, generating_args = _parse_train_args(args)
  File "/mnt/d/Projects/AutoRE/autore/src/llmtuner/hparams/parser.py", line 75, in _parse_train_args
    return _parse_args(parser, args)
  File "/mnt/d/Projects/AutoRE/autore/src/llmtuner/hparams/parser.py", line 40, in _parse_args
    (*parsed_args, unknown_args) = parser.parse_args_into_dataclasses(return_remaining_strings=True)
  File "/mnt/d/Projects/AutoRE/autore_venv/lib/python3.10/site-packages/transformers/hf_argparser.py", line 338, in parse_args_into_dataclasses
    obj = dtype(**inputs)
  File "<string>", line 128, in __init__
  File "/mnt/d/Projects/AutoRE/autore_venv/lib/python3.10/site-packages/transformers/training_args.py", line 1534, in __post_init__
    raise ValueError(
ValueError: FP16 Mixed precision training with AMP or APEX (`--fp16`) and FP16 half precision evaluation (`--fp16_full_eval`) can only be used on CUDA or NPU devices or certain XPU devices (with IPEX).
wandb: - 0.004 MB of 0.004 MB uploadedwandb: \ 0.004 MB of 0.004 MB uploadedwandb: | 0.007 MB of 0.013 MB uploadedwandb: / 0.013 MB of 0.013 MB uploadedwandb: 🚀 View run crisp-moon-1 at: https://wandb.ai/indra927-leuphana/vicuna_fact_5e-5/runs/hq8hd89s
wandb: ⭐️ View project at: https://wandb.ai/indra927-leuphana/vicuna_fact_5e-5
wandb: Synced 5 W&B file(s), 0 media file(s), 2 artifact file(s) and 0 other file(s)
wandb: Find logs at: ./wandb/run-20240727_171721-hq8hd89s/logs
wandb: WARNING The new W&B backend becomes opt-out in version 0.18.0; try it out with `wandb.require("core")`! See https://wandb.me/wandb-core for more information.
[2024-07-27 17:31:30,135] [WARNING] [real_accelerator.py:162:get_accelerator] Setting accelerator to CPU. If you have GPU or other accelerator, we were unable to detect it.
[2024-07-27 17:31:30,262] [INFO] [real_accelerator.py:203:get_accelerator] Setting ds_accelerator to cpu (auto detect)
07/27/2024 17:32:27 - WARNING - llmtuner.hparams.parser - We recommend enable `upcast_layernorm` in quantized training.
07/27/2024 17:32:27 - WARNING - llmtuner.hparams.parser - We recommend enable mixed precision training.
07/27/2024 17:32:27 - WARNING - llmtuner.hparams.parser - `ddp_find_unused_parameters` needs to be set as False for LoRA in DDP training.
07/27/2024 17:32:27 - INFO - llmtuner.hparams.parser - Process rank: 0, device: cpu, n_gpu: 0
  distributed training: True, compute dtype: None
07/27/2024 17:32:27 - INFO - llmtuner.hparams.parser - Training/evaluation parameters Seq2SeqTrainingArguments(
_n_gpu=0,
accelerator_config={'split_batches': False, 'dispatch_batches': None, 'even_batches': True, 'use_seedable_sampler': True},
adafactor=False,
adam_beta1=0.9,
adam_beta2=0.999,
adam_epsilon=1e-08,
auto_find_batch_size=False,
bf16=False,
bf16_full_eval=False,
data_seed=None,
dataloader_drop_last=False,
dataloader_num_workers=0,
dataloader_persistent_workers=False,
dataloader_pin_memory=True,
dataloader_prefetch_factor=None,
ddp_backend=None,
ddp_broadcast_buffers=None,
ddp_bucket_cap_mb=None,
ddp_find_unused_parameters=False,
ddp_timeout=1800,
debug=[],
deepspeed=None,
disable_tqdm=False,
dispatch_batches=None,
do_eval=True,
do_predict=False,
do_train=True,
eval_accumulation_steps=None,
eval_delay=0,
eval_steps=100,
evaluation_strategy=steps,
fp16=False,
fp16_backend=auto,
fp16_full_eval=False,
fp16_opt_level=O1,
fsdp=[],
fsdp_config={'min_num_params': 0, 'xla': False, 'xla_fsdp_v2': False, 'xla_fsdp_grad_ckpt': False},
fsdp_min_num_params=0,
fsdp_transformer_layer_cls_to_wrap=None,
full_determinism=False,
generation_config=None,
generation_max_length=None,
generation_num_beams=None,
gradient_accumulation_steps=4,
gradient_checkpointing=False,
gradient_checkpointing_kwargs=None,
greater_is_better=None,
group_by_length=False,
half_precision_backend=auto,
hub_always_push=False,
hub_model_id=None,
hub_private_repo=False,
hub_strategy=every_save,
hub_token=<HUB_TOKEN>,
ignore_data_skip=False,
include_inputs_for_metrics=False,
include_num_input_tokens_seen=False,
include_tokens_per_second=False,
jit_mode_eval=False,
label_names=None,
label_smoothing_factor=0.0,
learning_rate=5e-05,
length_column_name=length,
load_best_model_at_end=False,
local_rank=0,
log_level=passive,
log_level_replica=warning,
log_on_each_node=True,
logging_dir=ckpt/vicuna/fact/runs/Jul27_17-32-26_LAPTOP-EGO3LUJ9,
logging_first_step=False,
logging_nan_inf_filter=True,
logging_steps=10,
logging_strategy=steps,
lr_scheduler_kwargs={},
lr_scheduler_type=cosine,
max_grad_norm=1.0,
max_steps=4430,
metric_for_best_model=None,
mp_parameters=,
neftune_noise_alpha=None,
no_cuda=False,
num_train_epochs=6.0,
optim=adamw_torch,
optim_args=None,
output_dir=ckpt/vicuna/fact,
overwrite_output_dir=False,
past_index=-1,
per_device_eval_batch_size=8,
per_device_train_batch_size=8,
predict_with_generate=False,
prediction_loss_only=False,
push_to_hub=False,
push_to_hub_model_id=None,
push_to_hub_organization=None,
push_to_hub_token=<PUSH_TO_HUB_TOKEN>,
ray_scope=last,
remove_unused_columns=True,
report_to=['wandb'],
resume_from_checkpoint=None,
run_name=ckpt/vicuna/fact,
save_on_each_node=False,
save_only_model=False,
save_safetensors=True,
save_steps=100,
save_strategy=steps,
save_total_limit=3,
seed=42,
skip_memory_metrics=True,
sortish_sampler=False,
split_batches=None,
tf32=None,
torch_compile=False,
torch_compile_backend=None,
torch_compile_mode=None,
torchdynamo=None,
tpu_metrics_debug=False,
tpu_num_cores=None,
use_cpu=False,
use_ipex=False,
use_legacy_prediction_loop=False,
use_mps_device=False,
warmup_ratio=0.0,
warmup_steps=0,
weight_decay=0.0,
)
07/27/2024 17:32:32 - INFO - llmtuner.model.patcher - Quantizing model to 4 bit.
[2024-07-27 17:42:50,698] [WARNING] [real_accelerator.py:162:get_accelerator] Setting accelerator to CPU. If you have GPU or other accelerator, we were unable to detect it.
[2024-07-27 17:42:50,761] [INFO] [real_accelerator.py:203:get_accelerator] Setting ds_accelerator to cpu (auto detect)
07/27/2024 17:43:35 - WARNING - llmtuner.hparams.parser - We recommend enable `upcast_layernorm` in quantized training.
07/27/2024 17:43:35 - WARNING - llmtuner.hparams.parser - We recommend enable mixed precision training.
07/27/2024 17:43:35 - WARNING - llmtuner.hparams.parser - `ddp_find_unused_parameters` needs to be set as False for LoRA in DDP training.
07/27/2024 17:43:35 - INFO - llmtuner.hparams.parser - Process rank: 0, device: cpu, n_gpu: 0
  distributed training: True, compute dtype: None
07/27/2024 17:43:35 - INFO - llmtuner.hparams.parser - Training/evaluation parameters Seq2SeqTrainingArguments(
_n_gpu=0,
accelerator_config={'split_batches': False, 'dispatch_batches': None, 'even_batches': True, 'use_seedable_sampler': True},
adafactor=False,
adam_beta1=0.9,
adam_beta2=0.999,
adam_epsilon=1e-08,
auto_find_batch_size=False,
bf16=False,
bf16_full_eval=False,
data_seed=None,
dataloader_drop_last=False,
dataloader_num_workers=0,
dataloader_persistent_workers=False,
dataloader_pin_memory=True,
dataloader_prefetch_factor=None,
ddp_backend=None,
ddp_broadcast_buffers=None,
ddp_bucket_cap_mb=None,
ddp_find_unused_parameters=False,
ddp_timeout=1800,
debug=[],
deepspeed=None,
disable_tqdm=False,
dispatch_batches=None,
do_eval=True,
do_predict=False,
do_train=True,
eval_accumulation_steps=None,
eval_delay=0,
eval_steps=100,
evaluation_strategy=steps,
fp16=False,
fp16_backend=auto,
fp16_full_eval=False,
fp16_opt_level=O1,
fsdp=[],
fsdp_config={'min_num_params': 0, 'xla': False, 'xla_fsdp_v2': False, 'xla_fsdp_grad_ckpt': False},
fsdp_min_num_params=0,
fsdp_transformer_layer_cls_to_wrap=None,
full_determinism=False,
generation_config=None,
generation_max_length=None,
generation_num_beams=None,
gradient_accumulation_steps=4,
gradient_checkpointing=False,
gradient_checkpointing_kwargs=None,
greater_is_better=None,
group_by_length=False,
half_precision_backend=auto,
hub_always_push=False,
hub_model_id=None,
hub_private_repo=False,
hub_strategy=every_save,
hub_token=<HUB_TOKEN>,
ignore_data_skip=False,
include_inputs_for_metrics=False,
include_num_input_tokens_seen=False,
include_tokens_per_second=False,
jit_mode_eval=False,
label_names=None,
label_smoothing_factor=0.0,
learning_rate=5e-05,
length_column_name=length,
load_best_model_at_end=False,
local_rank=0,
log_level=passive,
log_level_replica=warning,
log_on_each_node=True,
logging_dir=ckpt/vicuna/fact/runs/Jul27_17-43-35_LAPTOP-EGO3LUJ9,
logging_first_step=False,
logging_nan_inf_filter=True,
logging_steps=10,
logging_strategy=steps,
lr_scheduler_kwargs={},
lr_scheduler_type=cosine,
max_grad_norm=1.0,
max_steps=4430,
metric_for_best_model=None,
mp_parameters=,
neftune_noise_alpha=None,
no_cuda=False,
num_train_epochs=6.0,
optim=adamw_torch,
optim_args=None,
output_dir=ckpt/vicuna/fact,
overwrite_output_dir=False,
past_index=-1,
per_device_eval_batch_size=8,
per_device_train_batch_size=8,
predict_with_generate=False,
prediction_loss_only=False,
push_to_hub=False,
push_to_hub_model_id=None,
push_to_hub_organization=None,
push_to_hub_token=<PUSH_TO_HUB_TOKEN>,
ray_scope=last,
remove_unused_columns=True,
report_to=['wandb'],
resume_from_checkpoint=None,
run_name=ckpt/vicuna/fact,
save_on_each_node=False,
save_only_model=False,
save_safetensors=True,
save_steps=100,
save_strategy=steps,
save_total_limit=3,
seed=42,
skip_memory_metrics=True,
sortish_sampler=False,
split_batches=None,
tf32=None,
torch_compile=False,
torch_compile_backend=None,
torch_compile_mode=None,
torchdynamo=None,
tpu_metrics_debug=False,
tpu_num_cores=None,
use_cpu=False,
use_ipex=False,
use_legacy_prediction_loop=False,
use_mps_device=False,
warmup_ratio=0.0,
warmup_steps=0,
weight_decay=0.0,
)
07/27/2024 17:43:35 - INFO - llmtuner.model.patcher - Quantizing model to 4 bit.
[2024-07-28 01:38:44,129] [WARNING] [real_accelerator.py:162:get_accelerator] Setting accelerator to CPU. If you have GPU or other accelerator, we were unable to detect it.
[2024-07-28 01:38:44,190] [INFO] [real_accelerator.py:203:get_accelerator] Setting ds_accelerator to cpu (auto detect)
07/28/2024 01:39:23 - WARNING - llmtuner.hparams.parser - We recommend enable `upcast_layernorm` in quantized training.
07/28/2024 01:39:23 - WARNING - llmtuner.hparams.parser - We recommend enable mixed precision training.
07/28/2024 01:39:23 - WARNING - llmtuner.hparams.parser - `ddp_find_unused_parameters` needs to be set as False for LoRA in DDP training.
07/28/2024 01:39:24 - INFO - llmtuner.hparams.parser - Process rank: 0, device: cpu, n_gpu: 0
  distributed training: True, compute dtype: None
07/28/2024 01:39:24 - INFO - llmtuner.hparams.parser - Training/evaluation parameters Seq2SeqTrainingArguments(
_n_gpu=0,
accelerator_config={'split_batches': False, 'dispatch_batches': None, 'even_batches': True, 'use_seedable_sampler': True},
adafactor=False,
adam_beta1=0.9,
adam_beta2=0.999,
adam_epsilon=1e-08,
auto_find_batch_size=False,
bf16=False,
bf16_full_eval=False,
data_seed=None,
dataloader_drop_last=False,
dataloader_num_workers=0,
dataloader_persistent_workers=False,
dataloader_pin_memory=True,
dataloader_prefetch_factor=None,
ddp_backend=None,
ddp_broadcast_buffers=None,
ddp_bucket_cap_mb=None,
ddp_find_unused_parameters=False,
ddp_timeout=1800,
debug=[],
deepspeed=None,
disable_tqdm=False,
dispatch_batches=None,
do_eval=True,
do_predict=False,
do_train=True,
eval_accumulation_steps=None,
eval_delay=0,
eval_steps=100,
evaluation_strategy=steps,
fp16=False,
fp16_backend=auto,
fp16_full_eval=False,
fp16_opt_level=O1,
fsdp=[],
fsdp_config={'min_num_params': 0, 'xla': False, 'xla_fsdp_v2': False, 'xla_fsdp_grad_ckpt': False},
fsdp_min_num_params=0,
fsdp_transformer_layer_cls_to_wrap=None,
full_determinism=False,
generation_config=None,
generation_max_length=None,
generation_num_beams=None,
gradient_accumulation_steps=4,
gradient_checkpointing=False,
gradient_checkpointing_kwargs=None,
greater_is_better=None,
group_by_length=False,
half_precision_backend=auto,
hub_always_push=False,
hub_model_id=None,
hub_private_repo=False,
hub_strategy=every_save,
hub_token=<HUB_TOKEN>,
ignore_data_skip=False,
include_inputs_for_metrics=False,
include_num_input_tokens_seen=False,
include_tokens_per_second=False,
jit_mode_eval=False,
label_names=None,
label_smoothing_factor=0.0,
learning_rate=5e-05,
length_column_name=length,
load_best_model_at_end=False,
local_rank=0,
log_level=passive,
log_level_replica=warning,
log_on_each_node=True,
logging_dir=ckpt/vicuna/fact/runs/Jul28_01-39-23_LAPTOP-EGO3LUJ9,
logging_first_step=False,
logging_nan_inf_filter=True,
logging_steps=10,
logging_strategy=steps,
lr_scheduler_kwargs={},
lr_scheduler_type=cosine,
max_grad_norm=1.0,
max_steps=4430,
metric_for_best_model=None,
mp_parameters=,
neftune_noise_alpha=None,
no_cuda=False,
num_train_epochs=6.0,
optim=adamw_torch,
optim_args=None,
output_dir=ckpt/vicuna/fact,
overwrite_output_dir=False,
past_index=-1,
per_device_eval_batch_size=8,
per_device_train_batch_size=8,
predict_with_generate=False,
prediction_loss_only=False,
push_to_hub=False,
push_to_hub_model_id=None,
push_to_hub_organization=None,
push_to_hub_token=<PUSH_TO_HUB_TOKEN>,
ray_scope=last,
remove_unused_columns=True,
report_to=['wandb'],
resume_from_checkpoint=None,
run_name=ckpt/vicuna/fact,
save_on_each_node=False,
save_only_model=False,
save_safetensors=True,
save_steps=100,
save_strategy=steps,
save_total_limit=3,
seed=42,
skip_memory_metrics=True,
sortish_sampler=False,
split_batches=None,
tf32=None,
torch_compile=False,
torch_compile_backend=None,
torch_compile_mode=None,
torchdynamo=None,
tpu_metrics_debug=False,
tpu_num_cores=None,
use_cpu=False,
use_ipex=False,
use_legacy_prediction_loop=False,
use_mps_device=False,
warmup_ratio=0.0,
warmup_steps=0,
weight_decay=0.0,
)
07/28/2024 01:39:24 - INFO - llmtuner.model.patcher - Quantizing model to 4 bit.
[2024-07-28 15:08:31,712] [WARNING] [real_accelerator.py:162:get_accelerator] Setting accelerator to CPU. If you have GPU or other accelerator, we were unable to detect it.
[2024-07-28 15:08:31,772] [INFO] [real_accelerator.py:203:get_accelerator] Setting ds_accelerator to cpu (auto detect)
07/28/2024 15:09:11 - WARNING - llmtuner.hparams.parser - We recommend enable `upcast_layernorm` in quantized training.
07/28/2024 15:09:11 - WARNING - llmtuner.hparams.parser - We recommend enable mixed precision training.
07/28/2024 15:09:11 - WARNING - llmtuner.hparams.parser - `ddp_find_unused_parameters` needs to be set as False for LoRA in DDP training.
07/28/2024 15:09:11 - INFO - llmtuner.hparams.parser - Process rank: 0, device: cpu, n_gpu: 0
  distributed training: True, compute dtype: None
07/28/2024 15:09:11 - INFO - llmtuner.hparams.parser - Training/evaluation parameters Seq2SeqTrainingArguments(
_n_gpu=0,
accelerator_config={'split_batches': False, 'dispatch_batches': None, 'even_batches': True, 'use_seedable_sampler': True},
adafactor=False,
adam_beta1=0.9,
adam_beta2=0.999,
adam_epsilon=1e-08,
auto_find_batch_size=False,
bf16=False,
bf16_full_eval=False,
data_seed=None,
dataloader_drop_last=False,
dataloader_num_workers=0,
dataloader_persistent_workers=False,
dataloader_pin_memory=True,
dataloader_prefetch_factor=None,
ddp_backend=None,
ddp_broadcast_buffers=None,
ddp_bucket_cap_mb=None,
ddp_find_unused_parameters=False,
ddp_timeout=1800,
debug=[],
deepspeed=None,
disable_tqdm=False,
dispatch_batches=None,
do_eval=True,
do_predict=False,
do_train=True,
eval_accumulation_steps=None,
eval_delay=0,
eval_steps=100,
evaluation_strategy=steps,
fp16=False,
fp16_backend=auto,
fp16_full_eval=False,
fp16_opt_level=O1,
fsdp=[],
fsdp_config={'min_num_params': 0, 'xla': False, 'xla_fsdp_v2': False, 'xla_fsdp_grad_ckpt': False},
fsdp_min_num_params=0,
fsdp_transformer_layer_cls_to_wrap=None,
full_determinism=False,
generation_config=None,
generation_max_length=None,
generation_num_beams=None,
gradient_accumulation_steps=4,
gradient_checkpointing=False,
gradient_checkpointing_kwargs=None,
greater_is_better=None,
group_by_length=False,
half_precision_backend=auto,
hub_always_push=False,
hub_model_id=None,
hub_private_repo=False,
hub_strategy=every_save,
hub_token=<HUB_TOKEN>,
ignore_data_skip=False,
include_inputs_for_metrics=False,
include_num_input_tokens_seen=False,
include_tokens_per_second=False,
jit_mode_eval=False,
label_names=None,
label_smoothing_factor=0.0,
learning_rate=5e-05,
length_column_name=length,
load_best_model_at_end=False,
local_rank=0,
log_level=passive,
log_level_replica=warning,
log_on_each_node=True,
logging_dir=ckpt/vicuna/fact/runs/Jul28_15-09-11_LAPTOP-EGO3LUJ9,
logging_first_step=False,
logging_nan_inf_filter=True,
logging_steps=10,
logging_strategy=steps,
lr_scheduler_kwargs={},
lr_scheduler_type=cosine,
max_grad_norm=1.0,
max_steps=4430,
metric_for_best_model=None,
mp_parameters=,
neftune_noise_alpha=None,
no_cuda=False,
num_train_epochs=6.0,
optim=adamw_torch,
optim_args=None,
output_dir=ckpt/vicuna/fact,
overwrite_output_dir=False,
past_index=-1,
per_device_eval_batch_size=8,
per_device_train_batch_size=8,
predict_with_generate=False,
prediction_loss_only=False,
push_to_hub=False,
push_to_hub_model_id=None,
push_to_hub_organization=None,
push_to_hub_token=<PUSH_TO_HUB_TOKEN>,
ray_scope=last,
remove_unused_columns=True,
report_to=['wandb'],
resume_from_checkpoint=None,
run_name=ckpt/vicuna/fact,
save_on_each_node=False,
save_only_model=False,
save_safetensors=True,
save_steps=100,
save_strategy=steps,
save_total_limit=3,
seed=42,
skip_memory_metrics=True,
sortish_sampler=False,
split_batches=None,
tf32=None,
torch_compile=False,
torch_compile_backend=None,
torch_compile_mode=None,
torchdynamo=None,
tpu_metrics_debug=False,
tpu_num_cores=None,
use_cpu=False,
use_ipex=False,
use_legacy_prediction_loop=False,
use_mps_device=False,
warmup_ratio=0.0,
warmup_steps=0,
weight_decay=0.0,
)
07/28/2024 15:09:12 - INFO - llmtuner.model.patcher - Quantizing model to 4 bit.
[2024-07-28 15:51:05,374] [WARNING] [real_accelerator.py:162:get_accelerator] Setting accelerator to CPU. If you have GPU or other accelerator, we were unable to detect it.
[2024-07-28 15:51:05,431] [INFO] [real_accelerator.py:203:get_accelerator] Setting ds_accelerator to cpu (auto detect)
07/28/2024 15:51:36 - WARNING - llmtuner.hparams.parser - We recommend enable `upcast_layernorm` in quantized training.
07/28/2024 15:51:36 - WARNING - llmtuner.hparams.parser - We recommend enable mixed precision training.
07/28/2024 15:51:36 - WARNING - llmtuner.hparams.parser - `ddp_find_unused_parameters` needs to be set as False for LoRA in DDP training.
07/28/2024 15:51:36 - INFO - llmtuner.hparams.parser - Process rank: 0, device: cpu, n_gpu: 0
  distributed training: True, compute dtype: None
07/28/2024 15:51:36 - INFO - llmtuner.hparams.parser - Training/evaluation parameters Seq2SeqTrainingArguments(
_n_gpu=0,
accelerator_config={'split_batches': False, 'dispatch_batches': None, 'even_batches': True, 'use_seedable_sampler': True},
adafactor=False,
adam_beta1=0.9,
adam_beta2=0.999,
adam_epsilon=1e-08,
auto_find_batch_size=False,
bf16=False,
bf16_full_eval=False,
data_seed=None,
dataloader_drop_last=False,
dataloader_num_workers=0,
dataloader_persistent_workers=False,
dataloader_pin_memory=True,
dataloader_prefetch_factor=None,
ddp_backend=None,
ddp_broadcast_buffers=None,
ddp_bucket_cap_mb=None,
ddp_find_unused_parameters=False,
ddp_timeout=1800,
debug=[],
deepspeed=None,
disable_tqdm=False,
dispatch_batches=None,
do_eval=True,
do_predict=False,
do_train=True,
eval_accumulation_steps=None,
eval_delay=0,
eval_steps=100,
evaluation_strategy=steps,
fp16=False,
fp16_backend=auto,
fp16_full_eval=False,
fp16_opt_level=O1,
fsdp=[],
fsdp_config={'min_num_params': 0, 'xla': False, 'xla_fsdp_v2': False, 'xla_fsdp_grad_ckpt': False},
fsdp_min_num_params=0,
fsdp_transformer_layer_cls_to_wrap=None,
full_determinism=False,
generation_config=None,
generation_max_length=None,
generation_num_beams=None,
gradient_accumulation_steps=4,
gradient_checkpointing=False,
gradient_checkpointing_kwargs=None,
greater_is_better=None,
group_by_length=False,
half_precision_backend=auto,
hub_always_push=False,
hub_model_id=None,
hub_private_repo=False,
hub_strategy=every_save,
hub_token=<HUB_TOKEN>,
ignore_data_skip=False,
include_inputs_for_metrics=False,
include_num_input_tokens_seen=False,
include_tokens_per_second=False,
jit_mode_eval=False,
label_names=None,
label_smoothing_factor=0.0,
learning_rate=5e-05,
length_column_name=length,
load_best_model_at_end=False,
local_rank=0,
log_level=passive,
log_level_replica=warning,
log_on_each_node=True,
logging_dir=ckpt/vicuna/fact/runs/Jul28_15-51-36_LAPTOP-EGO3LUJ9,
logging_first_step=False,
logging_nan_inf_filter=True,
logging_steps=10,
logging_strategy=steps,
lr_scheduler_kwargs={},
lr_scheduler_type=cosine,
max_grad_norm=1.0,
max_steps=4430,
metric_for_best_model=None,
mp_parameters=,
neftune_noise_alpha=None,
no_cuda=False,
num_train_epochs=6.0,
optim=adamw_torch,
optim_args=None,
output_dir=ckpt/vicuna/fact,
overwrite_output_dir=False,
past_index=-1,
per_device_eval_batch_size=8,
per_device_train_batch_size=8,
predict_with_generate=False,
prediction_loss_only=False,
push_to_hub=False,
push_to_hub_model_id=None,
push_to_hub_organization=None,
push_to_hub_token=<PUSH_TO_HUB_TOKEN>,
ray_scope=last,
remove_unused_columns=True,
report_to=['wandb'],
resume_from_checkpoint=None,
run_name=ckpt/vicuna/fact,
save_on_each_node=False,
save_only_model=False,
save_safetensors=True,
save_steps=100,
save_strategy=steps,
save_total_limit=3,
seed=42,
skip_memory_metrics=True,
sortish_sampler=False,
split_batches=None,
tf32=None,
torch_compile=False,
torch_compile_backend=None,
torch_compile_mode=None,
torchdynamo=None,
tpu_metrics_debug=False,
tpu_num_cores=None,
use_cpu=False,
use_ipex=False,
use_legacy_prediction_loop=False,
use_mps_device=False,
warmup_ratio=0.0,
warmup_steps=0,
weight_decay=0.0,
)
07/28/2024 15:51:36 - INFO - llmtuner.model.patcher - Quantizing model to 4 bit.
[2024-07-28 16:13:28,786] [INFO] [real_accelerator.py:203:get_accelerator] Setting ds_accelerator to cuda (auto detect)
[93m [WARNING] [0m async_io requires the dev libaio .so object and headers but these were not found.
[93m [WARNING] [0m async_io: please install the libaio-dev package with apt
[93m [WARNING] [0m If libaio is already installed (perhaps from source), try setting the CFLAGS and LDFLAGS environment variables to where it can be found.
[93m [WARNING] [0m Please specify the CUTLASS repo directory as environment variable $CUTLASS_PATH
[93m [WARNING] [0m NVIDIA Inference is only supported on Ampere and newer architectures
[93m [WARNING] [0m sparse_attn requires a torch version >= 1.5 and < 2.0 but detected 2.2
[93m [WARNING] [0m using untested triton version (2.2.0), only 1.0.0 is known to be compatible
07/28/2024 16:14:01 - WARNING - llmtuner.hparams.parser - We recommend enable `upcast_layernorm` in quantized training.
07/28/2024 16:14:01 - WARNING - llmtuner.hparams.parser - We recommend enable mixed precision training.
07/28/2024 16:14:01 - WARNING - llmtuner.hparams.parser - `ddp_find_unused_parameters` needs to be set as False for LoRA in DDP training.
07/28/2024 16:14:01 - INFO - llmtuner.hparams.parser - Process rank: 0, device: cuda:0, n_gpu: 1
  distributed training: True, compute dtype: None
07/28/2024 16:14:01 - INFO - llmtuner.hparams.parser - Training/evaluation parameters Seq2SeqTrainingArguments(
_n_gpu=1,
accelerator_config={'split_batches': False, 'dispatch_batches': None, 'even_batches': True, 'use_seedable_sampler': True},
adafactor=False,
adam_beta1=0.9,
adam_beta2=0.999,
adam_epsilon=1e-08,
auto_find_batch_size=False,
bf16=False,
bf16_full_eval=False,
data_seed=None,
dataloader_drop_last=False,
dataloader_num_workers=0,
dataloader_persistent_workers=False,
dataloader_pin_memory=True,
dataloader_prefetch_factor=None,
ddp_backend=None,
ddp_broadcast_buffers=None,
ddp_bucket_cap_mb=None,
ddp_find_unused_parameters=False,
ddp_timeout=1800,
debug=[],
deepspeed=None,
disable_tqdm=False,
dispatch_batches=None,
do_eval=True,
do_predict=False,
do_train=True,
eval_accumulation_steps=None,
eval_delay=0,
eval_steps=100,
evaluation_strategy=steps,
fp16=False,
fp16_backend=auto,
fp16_full_eval=False,
fp16_opt_level=O1,
fsdp=[],
fsdp_config={'min_num_params': 0, 'xla': False, 'xla_fsdp_v2': False, 'xla_fsdp_grad_ckpt': False},
fsdp_min_num_params=0,
fsdp_transformer_layer_cls_to_wrap=None,
full_determinism=False,
generation_config=None,
generation_max_length=None,
generation_num_beams=None,
gradient_accumulation_steps=4,
gradient_checkpointing=False,
gradient_checkpointing_kwargs=None,
greater_is_better=None,
group_by_length=False,
half_precision_backend=auto,
hub_always_push=False,
hub_model_id=None,
hub_private_repo=False,
hub_strategy=every_save,
hub_token=<HUB_TOKEN>,
ignore_data_skip=False,
include_inputs_for_metrics=False,
include_num_input_tokens_seen=False,
include_tokens_per_second=False,
jit_mode_eval=False,
label_names=None,
label_smoothing_factor=0.0,
learning_rate=5e-05,
length_column_name=length,
load_best_model_at_end=False,
local_rank=0,
log_level=passive,
log_level_replica=warning,
log_on_each_node=True,
logging_dir=ckpt/vicuna/fact/runs/Jul28_16-14-01_LAPTOP-EGO3LUJ9,
logging_first_step=False,
logging_nan_inf_filter=True,
logging_steps=10,
logging_strategy=steps,
lr_scheduler_kwargs={},
lr_scheduler_type=cosine,
max_grad_norm=1.0,
max_steps=4430,
metric_for_best_model=None,
mp_parameters=,
neftune_noise_alpha=None,
no_cuda=False,
num_train_epochs=6.0,
optim=adamw_torch,
optim_args=None,
output_dir=ckpt/vicuna/fact,
overwrite_output_dir=False,
past_index=-1,
per_device_eval_batch_size=8,
per_device_train_batch_size=8,
predict_with_generate=False,
prediction_loss_only=False,
push_to_hub=False,
push_to_hub_model_id=None,
push_to_hub_organization=None,
push_to_hub_token=<PUSH_TO_HUB_TOKEN>,
ray_scope=last,
remove_unused_columns=True,
report_to=['wandb'],
resume_from_checkpoint=None,
run_name=ckpt/vicuna/fact,
save_on_each_node=False,
save_only_model=False,
save_safetensors=True,
save_steps=100,
save_strategy=steps,
save_total_limit=3,
seed=42,
skip_memory_metrics=True,
sortish_sampler=False,
split_batches=None,
tf32=None,
torch_compile=False,
torch_compile_backend=None,
torch_compile_mode=None,
torchdynamo=None,
tpu_metrics_debug=False,
tpu_num_cores=None,
use_cpu=False,
use_ipex=False,
use_legacy_prediction_loop=False,
use_mps_device=False,
warmup_ratio=0.0,
warmup_steps=0,
weight_decay=0.0,
)
07/28/2024 16:14:01 - INFO - llmtuner.model.patcher - Quantizing model to 4 bit.

===================================BUG REPORT===================================
Welcome to bitsandbytes. For bug reports, please run

python -m bitsandbytes

 and submit this information together with your error trace to: https://github.com/TimDettmers/bitsandbytes/issues
================================================================================
bin /mnt/d/Projects/AutoRE/autore_venv/lib/python3.10/site-packages/bitsandbytes/libbitsandbytes_cpu.so
/mnt/d/Projects/AutoRE/autore_venv/lib/python3.10/site-packages/bitsandbytes/libbitsandbytes_cpu.so: undefined symbol: cadam32bit_grad_fp32
CUDA_SETUP: WARNING! libcudart.so not found in any environmental path. Searching in backup paths...
CUDA exception! Error code: no CUDA-capable device is detected
CUDA exception! Error code: initialization error
CUDA SETUP: Detected CUDA version 121
CUDA SETUP: Loading binary /mnt/d/Projects/AutoRE/autore_venv/lib/python3.10/site-packages/bitsandbytes/libbitsandbytes_cpu.so...
[2024-07-28 18:49:19,149] [INFO] [real_accelerator.py:203:get_accelerator] Setting ds_accelerator to cuda (auto detect)
[93m [WARNING] [0m async_io requires the dev libaio .so object and headers but these were not found.
[93m [WARNING] [0m async_io: please install the libaio-dev package with apt
[93m [WARNING] [0m If libaio is already installed (perhaps from source), try setting the CFLAGS and LDFLAGS environment variables to where it can be found.
[93m [WARNING] [0m Please specify the CUTLASS repo directory as environment variable $CUTLASS_PATH
[93m [WARNING] [0m NVIDIA Inference is only supported on Ampere and newer architectures
[93m [WARNING] [0m sparse_attn requires a torch version >= 1.5 and < 2.0 but detected 2.2
[93m [WARNING] [0m using untested triton version (2.2.0), only 1.0.0 is known to be compatible
07/28/2024 18:49:50 - WARNING - llmtuner.hparams.parser - We recommend enable `upcast_layernorm` in quantized training.
07/28/2024 18:49:50 - WARNING - llmtuner.hparams.parser - We recommend enable mixed precision training.
07/28/2024 18:49:50 - WARNING - llmtuner.hparams.parser - `ddp_find_unused_parameters` needs to be set as False for LoRA in DDP training.
07/28/2024 18:49:50 - INFO - llmtuner.hparams.parser - Process rank: 0, device: cuda:0, n_gpu: 1
  distributed training: True, compute dtype: None
07/28/2024 18:49:50 - INFO - llmtuner.hparams.parser - Training/evaluation parameters Seq2SeqTrainingArguments(
_n_gpu=1,
accelerator_config={'split_batches': False, 'dispatch_batches': None, 'even_batches': True, 'use_seedable_sampler': True},
adafactor=False,
adam_beta1=0.9,
adam_beta2=0.999,
adam_epsilon=1e-08,
auto_find_batch_size=False,
bf16=False,
bf16_full_eval=False,
data_seed=None,
dataloader_drop_last=False,
dataloader_num_workers=0,
dataloader_persistent_workers=False,
dataloader_pin_memory=True,
dataloader_prefetch_factor=None,
ddp_backend=None,
ddp_broadcast_buffers=None,
ddp_bucket_cap_mb=None,
ddp_find_unused_parameters=False,
ddp_timeout=1800,
debug=[],
deepspeed=None,
disable_tqdm=False,
dispatch_batches=None,
do_eval=True,
do_predict=False,
do_train=True,
eval_accumulation_steps=None,
eval_delay=0,
eval_steps=100,
evaluation_strategy=steps,
fp16=False,
fp16_backend=auto,
fp16_full_eval=False,
fp16_opt_level=O1,
fsdp=[],
fsdp_config={'min_num_params': 0, 'xla': False, 'xla_fsdp_v2': False, 'xla_fsdp_grad_ckpt': False},
fsdp_min_num_params=0,
fsdp_transformer_layer_cls_to_wrap=None,
full_determinism=False,
generation_config=None,
generation_max_length=None,
generation_num_beams=None,
gradient_accumulation_steps=4,
gradient_checkpointing=False,
gradient_checkpointing_kwargs=None,
greater_is_better=None,
group_by_length=False,
half_precision_backend=auto,
hub_always_push=False,
hub_model_id=None,
hub_private_repo=False,
hub_strategy=every_save,
hub_token=<HUB_TOKEN>,
ignore_data_skip=False,
include_inputs_for_metrics=False,
include_num_input_tokens_seen=False,
include_tokens_per_second=False,
jit_mode_eval=False,
label_names=None,
label_smoothing_factor=0.0,
learning_rate=5e-05,
length_column_name=length,
load_best_model_at_end=False,
local_rank=0,
log_level=passive,
log_level_replica=warning,
log_on_each_node=True,
logging_dir=ckpt/vicuna/fact/runs/Jul28_18-49-50_LAPTOP-EGO3LUJ9,
logging_first_step=False,
logging_nan_inf_filter=True,
logging_steps=10,
logging_strategy=steps,
lr_scheduler_kwargs={},
lr_scheduler_type=cosine,
max_grad_norm=1.0,
max_steps=4430,
metric_for_best_model=None,
mp_parameters=,
neftune_noise_alpha=None,
no_cuda=False,
num_train_epochs=6.0,
optim=adamw_torch,
optim_args=None,
output_dir=ckpt/vicuna/fact,
overwrite_output_dir=False,
past_index=-1,
per_device_eval_batch_size=8,
per_device_train_batch_size=8,
predict_with_generate=False,
prediction_loss_only=False,
push_to_hub=False,
push_to_hub_model_id=None,
push_to_hub_organization=None,
push_to_hub_token=<PUSH_TO_HUB_TOKEN>,
ray_scope=last,
remove_unused_columns=True,
report_to=['wandb'],
resume_from_checkpoint=None,
run_name=ckpt/vicuna/fact,
save_on_each_node=False,
save_only_model=False,
save_safetensors=True,
save_steps=100,
save_strategy=steps,
save_total_limit=3,
seed=42,
skip_memory_metrics=True,
sortish_sampler=False,
split_batches=None,
tf32=None,
torch_compile=False,
torch_compile_backend=None,
torch_compile_mode=None,
torchdynamo=None,
tpu_metrics_debug=False,
tpu_num_cores=None,
use_cpu=False,
use_ipex=False,
use_legacy_prediction_loop=False,
use_mps_device=False,
warmup_ratio=0.0,
warmup_steps=0,
weight_decay=0.0,
)
07/28/2024 18:49:51 - INFO - llmtuner.model.patcher - Quantizing model to 4 bit.

===================================BUG REPORT===================================
Welcome to bitsandbytes. For bug reports, please run

python -m bitsandbytes

 and submit this information together with your error trace to: https://github.com/TimDettmers/bitsandbytes/issues
================================================================================
bin /mnt/d/Projects/AutoRE/autore_venv/lib/python3.10/site-packages/bitsandbytes/libbitsandbytes_cpu.so
/mnt/d/Projects/AutoRE/autore_venv/lib/python3.10/site-packages/bitsandbytes/libbitsandbytes_cpu.so: undefined symbol: cadam32bit_grad_fp32
CUDA_SETUP: WARNING! libcudart.so not found in any environmental path. Searching in backup paths...
CUDA exception! Error code: no CUDA-capable device is detected
CUDA exception! Error code: initialization error
CUDA SETUP: Detected CUDA version 121
CUDA SETUP: Loading binary /mnt/d/Projects/AutoRE/autore_venv/lib/python3.10/site-packages/bitsandbytes/libbitsandbytes_cpu.so...
[2024-07-29 13:32:57,470] [INFO] [real_accelerator.py:203:get_accelerator] Setting ds_accelerator to cuda (auto detect)
[93m [WARNING] [0m async_io requires the dev libaio .so object and headers but these were not found.
[93m [WARNING] [0m async_io: please install the libaio-dev package with apt
[93m [WARNING] [0m If libaio is already installed (perhaps from source), try setting the CFLAGS and LDFLAGS environment variables to where it can be found.
[93m [WARNING] [0m Please specify the CUTLASS repo directory as environment variable $CUTLASS_PATH
[93m [WARNING] [0m NVIDIA Inference is only supported on Ampere and newer architectures
[93m [WARNING] [0m sparse_attn requires a torch version >= 1.5 and < 2.0 but detected 2.2
[93m [WARNING] [0m using untested triton version (2.2.0), only 1.0.0 is known to be compatible
07/29/2024 13:33:44 - WARNING - llmtuner.hparams.parser - We recommend enable `upcast_layernorm` in quantized training.
07/29/2024 13:33:44 - WARNING - llmtuner.hparams.parser - We recommend enable mixed precision training.
07/29/2024 13:33:44 - WARNING - llmtuner.hparams.parser - `ddp_find_unused_parameters` needs to be set as False for LoRA in DDP training.
07/29/2024 13:33:44 - INFO - llmtuner.hparams.parser - Process rank: 0, device: cuda:0, n_gpu: 1
  distributed training: True, compute dtype: None
07/29/2024 13:33:44 - INFO - llmtuner.hparams.parser - Training/evaluation parameters Seq2SeqTrainingArguments(
_n_gpu=1,
accelerator_config={'split_batches': False, 'dispatch_batches': None, 'even_batches': True, 'use_seedable_sampler': True},
adafactor=False,
adam_beta1=0.9,
adam_beta2=0.999,
adam_epsilon=1e-08,
auto_find_batch_size=False,
bf16=False,
bf16_full_eval=False,
data_seed=None,
dataloader_drop_last=False,
dataloader_num_workers=0,
dataloader_persistent_workers=False,
dataloader_pin_memory=True,
dataloader_prefetch_factor=None,
ddp_backend=None,
ddp_broadcast_buffers=None,
ddp_bucket_cap_mb=None,
ddp_find_unused_parameters=False,
ddp_timeout=1800,
debug=[],
deepspeed=None,
disable_tqdm=False,
dispatch_batches=None,
do_eval=True,
do_predict=False,
do_train=True,
eval_accumulation_steps=None,
eval_delay=0,
eval_steps=100,
evaluation_strategy=steps,
fp16=False,
fp16_backend=auto,
fp16_full_eval=False,
fp16_opt_level=O1,
fsdp=[],
fsdp_config={'min_num_params': 0, 'xla': False, 'xla_fsdp_v2': False, 'xla_fsdp_grad_ckpt': False},
fsdp_min_num_params=0,
fsdp_transformer_layer_cls_to_wrap=None,
full_determinism=False,
generation_config=None,
generation_max_length=None,
generation_num_beams=None,
gradient_accumulation_steps=4,
gradient_checkpointing=False,
gradient_checkpointing_kwargs=None,
greater_is_better=None,
group_by_length=False,
half_precision_backend=auto,
hub_always_push=False,
hub_model_id=None,
hub_private_repo=False,
hub_strategy=every_save,
hub_token=<HUB_TOKEN>,
ignore_data_skip=False,
include_inputs_for_metrics=False,
include_num_input_tokens_seen=False,
include_tokens_per_second=False,
jit_mode_eval=False,
label_names=None,
label_smoothing_factor=0.0,
learning_rate=5e-05,
length_column_name=length,
load_best_model_at_end=False,
local_rank=0,
log_level=passive,
log_level_replica=warning,
log_on_each_node=True,
logging_dir=ckpt/vicuna/fact/runs/Jul29_13-33-44_LAPTOP-EGO3LUJ9,
logging_first_step=False,
logging_nan_inf_filter=True,
logging_steps=10,
logging_strategy=steps,
lr_scheduler_kwargs={},
lr_scheduler_type=cosine,
max_grad_norm=1.0,
max_steps=4430,
metric_for_best_model=None,
mp_parameters=,
neftune_noise_alpha=None,
no_cuda=False,
num_train_epochs=6.0,
optim=adamw_torch,
optim_args=None,
output_dir=ckpt/vicuna/fact,
overwrite_output_dir=False,
past_index=-1,
per_device_eval_batch_size=8,
per_device_train_batch_size=8,
predict_with_generate=False,
prediction_loss_only=False,
push_to_hub=False,
push_to_hub_model_id=None,
push_to_hub_organization=None,
push_to_hub_token=<PUSH_TO_HUB_TOKEN>,
ray_scope=last,
remove_unused_columns=True,
report_to=['wandb'],
resume_from_checkpoint=None,
run_name=ckpt/vicuna/fact,
save_on_each_node=False,
save_only_model=False,
save_safetensors=True,
save_steps=100,
save_strategy=steps,
save_total_limit=3,
seed=42,
skip_memory_metrics=True,
sortish_sampler=False,
split_batches=None,
tf32=None,
torch_compile=False,
torch_compile_backend=None,
torch_compile_mode=None,
torchdynamo=None,
tpu_metrics_debug=False,
tpu_num_cores=None,
use_cpu=False,
use_ipex=False,
use_legacy_prediction_loop=False,
use_mps_device=False,
warmup_ratio=0.0,
warmup_steps=0,
weight_decay=0.0,
)
07/29/2024 13:33:45 - INFO - llmtuner.model.patcher - Quantizing model to 4 bit.

===================================BUG REPORT===================================
Welcome to bitsandbytes. For bug reports, please run

python -m bitsandbytes

 and submit this information together with your error trace to: https://github.com/TimDettmers/bitsandbytes/issues
================================================================================
bin /mnt/d/Projects/AutoRE/autore_venv/lib/python3.10/site-packages/bitsandbytes/libbitsandbytes_cpu.so
/mnt/d/Projects/AutoRE/autore_venv/lib/python3.10/site-packages/bitsandbytes/libbitsandbytes_cpu.so: undefined symbol: cadam32bit_grad_fp32
CUDA_SETUP: WARNING! libcudart.so not found in any environmental path. Searching in backup paths...
CUDA exception! Error code: no CUDA-capable device is detected
CUDA exception! Error code: initialization error
CUDA SETUP: Detected CUDA version 121
CUDA SETUP: Loading binary /mnt/d/Projects/AutoRE/autore_venv/lib/python3.10/site-packages/bitsandbytes/libbitsandbytes_cpu.so...
[2024-07-29 16:26:17,429] [INFO] [real_accelerator.py:203:get_accelerator] Setting ds_accelerator to cuda (auto detect)
[93m [WARNING] [0m async_io requires the dev libaio .so object and headers but these were not found.
[93m [WARNING] [0m async_io: please install the libaio-dev package with apt
[93m [WARNING] [0m If libaio is already installed (perhaps from source), try setting the CFLAGS and LDFLAGS environment variables to where it can be found.
[93m [WARNING] [0m Please specify the CUTLASS repo directory as environment variable $CUTLASS_PATH
[93m [WARNING] [0m NVIDIA Inference is only supported on Ampere and newer architectures
[93m [WARNING] [0m sparse_attn requires a torch version >= 1.5 and < 2.0 but detected 2.2
[93m [WARNING] [0m using untested triton version (2.2.0), only 1.0.0 is known to be compatible
07/29/2024 16:27:17 - WARNING - llmtuner.hparams.parser - We recommend enable `upcast_layernorm` in quantized training.
07/29/2024 16:27:17 - WARNING - llmtuner.hparams.parser - We recommend enable mixed precision training.
07/29/2024 16:27:17 - WARNING - llmtuner.hparams.parser - `ddp_find_unused_parameters` needs to be set as False for LoRA in DDP training.
07/29/2024 16:27:17 - INFO - llmtuner.hparams.parser - Process rank: 0, device: cuda:0, n_gpu: 1
  distributed training: True, compute dtype: None
07/29/2024 16:27:17 - INFO - llmtuner.hparams.parser - Training/evaluation parameters Seq2SeqTrainingArguments(
_n_gpu=1,
accelerator_config={'split_batches': False, 'dispatch_batches': None, 'even_batches': True, 'use_seedable_sampler': True},
adafactor=False,
adam_beta1=0.9,
adam_beta2=0.999,
adam_epsilon=1e-08,
auto_find_batch_size=False,
bf16=False,
bf16_full_eval=False,
data_seed=None,
dataloader_drop_last=False,
dataloader_num_workers=0,
dataloader_persistent_workers=False,
dataloader_pin_memory=True,
dataloader_prefetch_factor=None,
ddp_backend=None,
ddp_broadcast_buffers=None,
ddp_bucket_cap_mb=None,
ddp_find_unused_parameters=False,
ddp_timeout=1800,
debug=[],
deepspeed=None,
disable_tqdm=False,
dispatch_batches=None,
do_eval=True,
do_predict=False,
do_train=True,
eval_accumulation_steps=None,
eval_delay=0,
eval_steps=100,
evaluation_strategy=steps,
fp16=False,
fp16_backend=auto,
fp16_full_eval=False,
fp16_opt_level=O1,
fsdp=[],
fsdp_config={'min_num_params': 0, 'xla': False, 'xla_fsdp_v2': False, 'xla_fsdp_grad_ckpt': False},
fsdp_min_num_params=0,
fsdp_transformer_layer_cls_to_wrap=None,
full_determinism=False,
generation_config=None,
generation_max_length=None,
generation_num_beams=None,
gradient_accumulation_steps=4,
gradient_checkpointing=False,
gradient_checkpointing_kwargs=None,
greater_is_better=None,
group_by_length=False,
half_precision_backend=auto,
hub_always_push=False,
hub_model_id=None,
hub_private_repo=False,
hub_strategy=every_save,
hub_token=<HUB_TOKEN>,
ignore_data_skip=False,
include_inputs_for_metrics=False,
include_num_input_tokens_seen=False,
include_tokens_per_second=False,
jit_mode_eval=False,
label_names=None,
label_smoothing_factor=0.0,
learning_rate=5e-05,
length_column_name=length,
load_best_model_at_end=False,
local_rank=0,
log_level=passive,
log_level_replica=warning,
log_on_each_node=True,
logging_dir=ckpt/vicuna/fact/runs/Jul29_16-27-17_LAPTOP-EGO3LUJ9,
logging_first_step=False,
logging_nan_inf_filter=True,
logging_steps=10,
logging_strategy=steps,
lr_scheduler_kwargs={},
lr_scheduler_type=cosine,
max_grad_norm=1.0,
max_steps=4430,
metric_for_best_model=None,
mp_parameters=,
neftune_noise_alpha=None,
no_cuda=False,
num_train_epochs=6.0,
optim=adamw_torch,
optim_args=None,
output_dir=ckpt/vicuna/fact,
overwrite_output_dir=False,
past_index=-1,
per_device_eval_batch_size=8,
per_device_train_batch_size=8,
predict_with_generate=False,
prediction_loss_only=False,
push_to_hub=False,
push_to_hub_model_id=None,
push_to_hub_organization=None,
push_to_hub_token=<PUSH_TO_HUB_TOKEN>,
ray_scope=last,
remove_unused_columns=True,
report_to=['wandb'],
resume_from_checkpoint=None,
run_name=ckpt/vicuna/fact,
save_on_each_node=False,
save_only_model=False,
save_safetensors=True,
save_steps=100,
save_strategy=steps,
save_total_limit=3,
seed=42,
skip_memory_metrics=True,
sortish_sampler=False,
split_batches=None,
tf32=None,
torch_compile=False,
torch_compile_backend=None,
torch_compile_mode=None,
torchdynamo=None,
tpu_metrics_debug=False,
tpu_num_cores=None,
use_cpu=False,
use_ipex=False,
use_legacy_prediction_loop=False,
use_mps_device=False,
warmup_ratio=0.0,
warmup_steps=0,
weight_decay=0.0,
)
07/29/2024 16:27:17 - INFO - llmtuner.model.patcher - Quantizing model to 4 bit.

===================================BUG REPORT===================================
Welcome to bitsandbytes. For bug reports, please run

python -m bitsandbytes

 and submit this information together with your error trace to: https://github.com/TimDettmers/bitsandbytes/issues
================================================================================
bin /mnt/d/Projects/AutoRE/autore_venv/lib/python3.10/site-packages/bitsandbytes/libbitsandbytes_cpu.so
/mnt/d/Projects/AutoRE/autore_venv/lib/python3.10/site-packages/bitsandbytes/libbitsandbytes_cpu.so: undefined symbol: cadam32bit_grad_fp32
CUDA_SETUP: WARNING! libcudart.so not found in any environmental path. Searching in backup paths...
CUDA exception! Error code: no CUDA-capable device is detected
CUDA exception! Error code: initialization error
CUDA SETUP: Detected CUDA version 121
CUDA SETUP: Loading binary /mnt/d/Projects/AutoRE/autore_venv/lib/python3.10/site-packages/bitsandbytes/libbitsandbytes_cpu.so...
